2023/08/19 17:00:50 - mmengine - INFO - 
------------------------------------------------------------
System environment:
    sys.platform: win32
    Python: 3.8.17 (default, Jul  5 2023, 20:44:21) [MSC v.1916 64 bit (AMD64)]
    CUDA available: True
    numpy_random_seed: 1817998449
    GPU 0: NVIDIA GeForce RTX 2060 with Max-Q Design
    CUDA_HOME: None
    GCC: n/a
    PyTorch: 1.10.1
    PyTorch compiling details: PyTorch built with:
  - C++ Version: 199711
  - MSVC 192829337
  - Intel(R) Math Kernel Library Version 2020.0.2 Product Build 20200624 for Intel(R) 64 architecture applications
  - Intel(R) MKL-DNN v2.2.3 (Git Hash 7336ca9f055cf1bfa13efb658fe15dc9b41f0740)
  - OpenMP 2019
  - LAPACK is enabled (usually provided by MKL)
  - CPU capability usage: AVX2
  - CUDA Runtime 11.3
  - NVCC architecture flags: -gencode;arch=compute_37,code=sm_37;-gencode;arch=compute_50,code=sm_50;-gencode;arch=compute_60,code=sm_60;-gencode;arch=compute_61,code=sm_61;-gencode;arch=compute_70,code=sm_70;-gencode;arch=compute_75,code=sm_75;-gencode;arch=compute_80,code=sm_80;-gencode;arch=compute_86,code=sm_86;-gencode;arch=compute_37,code=compute_37
  - CuDNN 8.2
  - Magma 2.5.4
  - Build settings: BLAS_INFO=mkl, BUILD_TYPE=Release, CUDA_VERSION=11.3, CUDNN_VERSION=8.2.0, CXX_COMPILER=C:/cb/pytorch_1000000000000/work/tmp_bin/sccache-cl.exe, CXX_FLAGS=/DWIN32 /D_WINDOWS /GR /EHsc /w /bigobj -DUSE_PTHREADPOOL -openmp:experimental -IC:/cb/pytorch_1000000000000/work/mkl/include -DNDEBUG -DUSE_KINETO -DLIBKINETO_NOCUPTI -DUSE_FBGEMM -DUSE_XNNPACK -DSYMBOLICATE_MOBILE_DEBUG_HANDLE -DEDGE_PROFILER_USE_KINETO, LAPACK_INFO=mkl, PERF_WITH_AVX=1, PERF_WITH_AVX2=1, PERF_WITH_AVX512=1, TORCH_VERSION=1.10.1, USE_CUDA=ON, USE_CUDNN=ON, USE_EXCEPTION_PTR=1, USE_GFLAGS=OFF, USE_GLOG=OFF, USE_MKL=ON, USE_MKLDNN=ON, USE_MPI=OFF, USE_NCCL=OFF, USE_NNPACK=OFF, USE_OPENMP=ON, 

    TorchVision: 0.11.2
    OpenCV: 4.8.0
    MMEngine: 0.8.4

Runtime environment:
    cudnn_benchmark: False
    mp_cfg: {'mp_start_method': 'fork', 'opencv_num_threads': 0}
    dist_cfg: {'backend': 'nccl'}
    seed: 1817998449
    deterministic: False
    Distributed launcher: none
    Distributed training: False
    GPU number: 1
------------------------------------------------------------

2023/08/19 17:00:51 - mmengine - INFO - Config:
auto_scale_lr = dict(base_batch_size=256)
dataset_type = 'MultiTaskDataset'
default_hooks = dict(
    checkpoint=dict(interval=1, type='CheckpointHook'),
    logger=dict(interval=100, type='LoggerHook'),
    param_scheduler=dict(type='ParamSchedulerHook'),
    sampler_seed=dict(type='DistSamplerSeedHook'),
    timer=dict(type='IterTimerHook'),
    visualization=dict(enable=False, type='VisualizationHook'))
default_scope = 'mmpretrain'
env_cfg = dict(
    cudnn_benchmark=False,
    dist_cfg=dict(backend='nccl'),
    mp_cfg=dict(mp_start_method='fork', opencv_num_threads=0))
launcher = 'none'
load_from = None
log_level = 'INFO'
model = dict(
    backbone=dict(type='MobileNetV2', widen_factor=1.0),
    head=dict(
        in_channels=1280,
        loss=dict(loss_weight=1.0, type='CrossEntropyLoss'),
        task_heads=dict(
            intel1=dict(num_classes=3, type='LinearClsHead'),
            intel2=dict(num_classes=3, type='LinearClsHead')),
        type='MultiTaskHead'),
    neck=dict(type='GlobalAveragePooling'),
    type='ImageClassifier')
optim_wrapper = dict(
    optimizer=dict(lr=0.045, momentum=0.9, type='SGD', weight_decay=4e-05))
param_scheduler = dict(by_epoch=True, gamma=0.98, step_size=1, type='StepLR')
randomness = dict(deterministic=False, seed=None)
resume = False
test_cfg = dict()
test_dataloader = dict(
    batch_size=16,
    collate_fn=dict(type='default_collate'),
    dataset=dict(
        ann_file='test.json',
        data_root='../',
        pipeline=[
            dict(type='LoadImageFromFile'),
            dict(backend='pillow', scale=(
                256,
                200,
            ), type='Resize'),
            dict(crop_size=224, type='CenterCrop'),
            dict(multi_task_fields=('gt_label', ), type='PackMultiTaskInputs'),
        ],
        type='MultiTaskDataset'),
    num_workers=1,
    persistent_workers=True,
    pin_memory=True,
    sampler=dict(shuffle=True, type='DefaultSampler'))
test_evaluator = dict(
    task_metrics=dict(
        intel1=[
            dict(topk=(1, ), type='Accuracy'),
        ],
        intel2=[
            dict(topk=(1, ), type='Accuracy'),
        ]),
    type='MultiTasksMetric')
test_pipeline = [
    dict(type='LoadImageFromFile'),
    dict(backend='pillow', scale=(
        256,
        200,
    ), type='Resize'),
    dict(crop_size=224, type='CenterCrop'),
    dict(multi_task_fields=('gt_label', ), type='PackMultiTaskInputs'),
]
train_cfg = dict(by_epoch=True, max_epochs=5, val_interval=1)
train_dataloader = dict(
    batch_size=16,
    collate_fn=dict(type='default_collate'),
    dataset=dict(
        ann_file='train.json',
        data_root='../',
        pipeline=[
            dict(type='LoadImageFromFile'),
            dict(backend='pillow', scale=(
                256,
                200,
            ), type='Resize'),
            dict(crop_size=224, type='CenterCrop'),
            dict(multi_task_fields=('gt_label', ), type='PackMultiTaskInputs'),
        ],
        type='MultiTaskDataset'),
    num_workers=1,
    persistent_workers=True,
    pin_memory=True,
    sampler=dict(shuffle=True, type='DefaultSampler'))
train_pipeline = [
    dict(type='LoadImageFromFile'),
    dict(backend='pillow', scale=(
        256,
        200,
    ), type='Resize'),
    dict(crop_size=224, type='CenterCrop'),
    dict(multi_task_fields=('gt_label', ), type='PackMultiTaskInputs'),
]
val_cfg = dict()
val_dataloader = dict(
    batch_size=16,
    collate_fn=dict(type='default_collate'),
    dataset=dict(
        ann_file='test.json',
        data_root='../',
        pipeline=[
            dict(type='LoadImageFromFile'),
            dict(backend='pillow', scale=(
                256,
                200,
            ), type='Resize'),
            dict(crop_size=224, type='CenterCrop'),
            dict(multi_task_fields=('gt_label', ), type='PackMultiTaskInputs'),
        ],
        type='MultiTaskDataset'),
    num_workers=1,
    persistent_workers=True,
    pin_memory=True,
    sampler=dict(shuffle=True, type='DefaultSampler'))
val_evaluator = dict(
    task_metrics=dict(
        intel1=[
            dict(topk=(1, ), type='Accuracy'),
        ],
        intel2=[
            dict(topk=(1, ), type='Accuracy'),
        ]),
    type='MultiTasksMetric')
vis_backends = [
    dict(type='LocalVisBackend'),
]
visualizer = dict(
    type='UniversalVisualizer', vis_backends=[
        dict(type='LocalVisBackend'),
    ])
work_dir = '../tmp/multi_tasks'

2023/08/19 17:00:53 - mmengine - INFO - Distributed training is not used, all SyncBatchNorm (SyncBN) layers in the model will be automatically reverted to BatchNormXd layers if they are used.
2023/08/19 17:00:53 - mmengine - INFO - Hooks will be executed in the following order:
before_run:
(VERY_HIGH   ) RuntimeInfoHook                    
(BELOW_NORMAL) LoggerHook                         
 -------------------- 
before_train:
(VERY_HIGH   ) RuntimeInfoHook                    
(NORMAL      ) IterTimerHook                      
(VERY_LOW    ) CheckpointHook                     
 -------------------- 
before_train_epoch:
(VERY_HIGH   ) RuntimeInfoHook                    
(NORMAL      ) IterTimerHook                      
(NORMAL      ) DistSamplerSeedHook                
 -------------------- 
before_train_iter:
(VERY_HIGH   ) RuntimeInfoHook                    
(NORMAL      ) IterTimerHook                      
 -------------------- 
after_train_iter:
(VERY_HIGH   ) RuntimeInfoHook                    
(NORMAL      ) IterTimerHook                      
(BELOW_NORMAL) LoggerHook                         
(LOW         ) ParamSchedulerHook                 
(VERY_LOW    ) CheckpointHook                     
 -------------------- 
after_train_epoch:
(NORMAL      ) IterTimerHook                      
(LOW         ) ParamSchedulerHook                 
(VERY_LOW    ) CheckpointHook                     
 -------------------- 
before_val:
(VERY_HIGH   ) RuntimeInfoHook                    
 -------------------- 
before_val_epoch:
(NORMAL      ) IterTimerHook                      
 -------------------- 
before_val_iter:
(NORMAL      ) IterTimerHook                      
 -------------------- 
after_val_iter:
(NORMAL      ) IterTimerHook                      
(NORMAL      ) VisualizationHook                  
(BELOW_NORMAL) LoggerHook                         
 -------------------- 
after_val_epoch:
(VERY_HIGH   ) RuntimeInfoHook                    
(NORMAL      ) IterTimerHook                      
(BELOW_NORMAL) LoggerHook                         
(LOW         ) ParamSchedulerHook                 
(VERY_LOW    ) CheckpointHook                     
 -------------------- 
after_val:
(VERY_HIGH   ) RuntimeInfoHook                    
 -------------------- 
after_train:
(VERY_HIGH   ) RuntimeInfoHook                    
(VERY_LOW    ) CheckpointHook                     
 -------------------- 
before_test:
(VERY_HIGH   ) RuntimeInfoHook                    
 -------------------- 
before_test_epoch:
(NORMAL      ) IterTimerHook                      
 -------------------- 
before_test_iter:
(NORMAL      ) IterTimerHook                      
 -------------------- 
after_test_iter:
(NORMAL      ) IterTimerHook                      
(NORMAL      ) VisualizationHook                  
(BELOW_NORMAL) LoggerHook                         
 -------------------- 
after_test_epoch:
(VERY_HIGH   ) RuntimeInfoHook                    
(NORMAL      ) IterTimerHook                      
(BELOW_NORMAL) LoggerHook                         
 -------------------- 
after_test:
(VERY_HIGH   ) RuntimeInfoHook                    
 -------------------- 
after_run:
(BELOW_NORMAL) LoggerHook                         
 -------------------- 
2023/08/19 17:00:54 - mmengine - WARNING - The prefix is not set in metric class MultiTasksMetric.
Name of parameter - Initialization information

backbone.conv1.conv.weight - torch.Size([32, 3, 3, 3]): 
Initialized by user-defined `init_weights` in ConvModule  

backbone.conv1.bn.weight - torch.Size([32]): 
The value is the same before and after calling `init_weights` of ImageClassifier  

backbone.conv1.bn.bias - torch.Size([32]): 
The value is the same before and after calling `init_weights` of ImageClassifier  

backbone.layer1.0.conv.0.conv.weight - torch.Size([32, 1, 3, 3]): 
KaimingInit: a=0, mode=fan_out, nonlinearity=relu, distribution =normal, bias=0 

backbone.layer1.0.conv.0.bn.weight - torch.Size([32]): 
The value is the same before and after calling `init_weights` of ImageClassifier  

backbone.layer1.0.conv.0.bn.bias - torch.Size([32]): 
The value is the same before and after calling `init_weights` of ImageClassifier  

backbone.layer1.0.conv.1.conv.weight - torch.Size([16, 32, 1, 1]): 
KaimingInit: a=0, mode=fan_out, nonlinearity=relu, distribution =normal, bias=0 

backbone.layer1.0.conv.1.bn.weight - torch.Size([16]): 
The value is the same before and after calling `init_weights` of ImageClassifier  

backbone.layer1.0.conv.1.bn.bias - torch.Size([16]): 
The value is the same before and after calling `init_weights` of ImageClassifier  

backbone.layer2.0.conv.0.conv.weight - torch.Size([96, 16, 1, 1]): 
KaimingInit: a=0, mode=fan_out, nonlinearity=relu, distribution =normal, bias=0 

backbone.layer2.0.conv.0.bn.weight - torch.Size([96]): 
The value is the same before and after calling `init_weights` of ImageClassifier  

backbone.layer2.0.conv.0.bn.bias - torch.Size([96]): 
The value is the same before and after calling `init_weights` of ImageClassifier  

backbone.layer2.0.conv.1.conv.weight - torch.Size([96, 1, 3, 3]): 
KaimingInit: a=0, mode=fan_out, nonlinearity=relu, distribution =normal, bias=0 

backbone.layer2.0.conv.1.bn.weight - torch.Size([96]): 
The value is the same before and after calling `init_weights` of ImageClassifier  

backbone.layer2.0.conv.1.bn.bias - torch.Size([96]): 
The value is the same before and after calling `init_weights` of ImageClassifier  

backbone.layer2.0.conv.2.conv.weight - torch.Size([24, 96, 1, 1]): 
KaimingInit: a=0, mode=fan_out, nonlinearity=relu, distribution =normal, bias=0 

backbone.layer2.0.conv.2.bn.weight - torch.Size([24]): 
The value is the same before and after calling `init_weights` of ImageClassifier  

backbone.layer2.0.conv.2.bn.bias - torch.Size([24]): 
The value is the same before and after calling `init_weights` of ImageClassifier  

backbone.layer2.1.conv.0.conv.weight - torch.Size([144, 24, 1, 1]): 
KaimingInit: a=0, mode=fan_out, nonlinearity=relu, distribution =normal, bias=0 

backbone.layer2.1.conv.0.bn.weight - torch.Size([144]): 
The value is the same before and after calling `init_weights` of ImageClassifier  

backbone.layer2.1.conv.0.bn.bias - torch.Size([144]): 
The value is the same before and after calling `init_weights` of ImageClassifier  

backbone.layer2.1.conv.1.conv.weight - torch.Size([144, 1, 3, 3]): 
KaimingInit: a=0, mode=fan_out, nonlinearity=relu, distribution =normal, bias=0 

backbone.layer2.1.conv.1.bn.weight - torch.Size([144]): 
The value is the same before and after calling `init_weights` of ImageClassifier  

backbone.layer2.1.conv.1.bn.bias - torch.Size([144]): 
The value is the same before and after calling `init_weights` of ImageClassifier  

backbone.layer2.1.conv.2.conv.weight - torch.Size([24, 144, 1, 1]): 
KaimingInit: a=0, mode=fan_out, nonlinearity=relu, distribution =normal, bias=0 

backbone.layer2.1.conv.2.bn.weight - torch.Size([24]): 
The value is the same before and after calling `init_weights` of ImageClassifier  

backbone.layer2.1.conv.2.bn.bias - torch.Size([24]): 
The value is the same before and after calling `init_weights` of ImageClassifier  

backbone.layer3.0.conv.0.conv.weight - torch.Size([144, 24, 1, 1]): 
KaimingInit: a=0, mode=fan_out, nonlinearity=relu, distribution =normal, bias=0 

backbone.layer3.0.conv.0.bn.weight - torch.Size([144]): 
The value is the same before and after calling `init_weights` of ImageClassifier  

backbone.layer3.0.conv.0.bn.bias - torch.Size([144]): 
The value is the same before and after calling `init_weights` of ImageClassifier  

backbone.layer3.0.conv.1.conv.weight - torch.Size([144, 1, 3, 3]): 
KaimingInit: a=0, mode=fan_out, nonlinearity=relu, distribution =normal, bias=0 

backbone.layer3.0.conv.1.bn.weight - torch.Size([144]): 
The value is the same before and after calling `init_weights` of ImageClassifier  

backbone.layer3.0.conv.1.bn.bias - torch.Size([144]): 
The value is the same before and after calling `init_weights` of ImageClassifier  

backbone.layer3.0.conv.2.conv.weight - torch.Size([32, 144, 1, 1]): 
KaimingInit: a=0, mode=fan_out, nonlinearity=relu, distribution =normal, bias=0 

backbone.layer3.0.conv.2.bn.weight - torch.Size([32]): 
The value is the same before and after calling `init_weights` of ImageClassifier  

backbone.layer3.0.conv.2.bn.bias - torch.Size([32]): 
The value is the same before and after calling `init_weights` of ImageClassifier  

backbone.layer3.1.conv.0.conv.weight - torch.Size([192, 32, 1, 1]): 
KaimingInit: a=0, mode=fan_out, nonlinearity=relu, distribution =normal, bias=0 

backbone.layer3.1.conv.0.bn.weight - torch.Size([192]): 
The value is the same before and after calling `init_weights` of ImageClassifier  

backbone.layer3.1.conv.0.bn.bias - torch.Size([192]): 
The value is the same before and after calling `init_weights` of ImageClassifier  

backbone.layer3.1.conv.1.conv.weight - torch.Size([192, 1, 3, 3]): 
KaimingInit: a=0, mode=fan_out, nonlinearity=relu, distribution =normal, bias=0 

backbone.layer3.1.conv.1.bn.weight - torch.Size([192]): 
The value is the same before and after calling `init_weights` of ImageClassifier  

backbone.layer3.1.conv.1.bn.bias - torch.Size([192]): 
The value is the same before and after calling `init_weights` of ImageClassifier  

backbone.layer3.1.conv.2.conv.weight - torch.Size([32, 192, 1, 1]): 
KaimingInit: a=0, mode=fan_out, nonlinearity=relu, distribution =normal, bias=0 

backbone.layer3.1.conv.2.bn.weight - torch.Size([32]): 
The value is the same before and after calling `init_weights` of ImageClassifier  

backbone.layer3.1.conv.2.bn.bias - torch.Size([32]): 
The value is the same before and after calling `init_weights` of ImageClassifier  

backbone.layer3.2.conv.0.conv.weight - torch.Size([192, 32, 1, 1]): 
KaimingInit: a=0, mode=fan_out, nonlinearity=relu, distribution =normal, bias=0 

backbone.layer3.2.conv.0.bn.weight - torch.Size([192]): 
The value is the same before and after calling `init_weights` of ImageClassifier  

backbone.layer3.2.conv.0.bn.bias - torch.Size([192]): 
The value is the same before and after calling `init_weights` of ImageClassifier  

backbone.layer3.2.conv.1.conv.weight - torch.Size([192, 1, 3, 3]): 
KaimingInit: a=0, mode=fan_out, nonlinearity=relu, distribution =normal, bias=0 

backbone.layer3.2.conv.1.bn.weight - torch.Size([192]): 
The value is the same before and after calling `init_weights` of ImageClassifier  

backbone.layer3.2.conv.1.bn.bias - torch.Size([192]): 
The value is the same before and after calling `init_weights` of ImageClassifier  

backbone.layer3.2.conv.2.conv.weight - torch.Size([32, 192, 1, 1]): 
KaimingInit: a=0, mode=fan_out, nonlinearity=relu, distribution =normal, bias=0 

backbone.layer3.2.conv.2.bn.weight - torch.Size([32]): 
The value is the same before and after calling `init_weights` of ImageClassifier  

backbone.layer3.2.conv.2.bn.bias - torch.Size([32]): 
The value is the same before and after calling `init_weights` of ImageClassifier  

backbone.layer4.0.conv.0.conv.weight - torch.Size([192, 32, 1, 1]): 
KaimingInit: a=0, mode=fan_out, nonlinearity=relu, distribution =normal, bias=0 

backbone.layer4.0.conv.0.bn.weight - torch.Size([192]): 
The value is the same before and after calling `init_weights` of ImageClassifier  

backbone.layer4.0.conv.0.bn.bias - torch.Size([192]): 
The value is the same before and after calling `init_weights` of ImageClassifier  

backbone.layer4.0.conv.1.conv.weight - torch.Size([192, 1, 3, 3]): 
KaimingInit: a=0, mode=fan_out, nonlinearity=relu, distribution =normal, bias=0 

backbone.layer4.0.conv.1.bn.weight - torch.Size([192]): 
The value is the same before and after calling `init_weights` of ImageClassifier  

backbone.layer4.0.conv.1.bn.bias - torch.Size([192]): 
The value is the same before and after calling `init_weights` of ImageClassifier  

backbone.layer4.0.conv.2.conv.weight - torch.Size([64, 192, 1, 1]): 
KaimingInit: a=0, mode=fan_out, nonlinearity=relu, distribution =normal, bias=0 

backbone.layer4.0.conv.2.bn.weight - torch.Size([64]): 
The value is the same before and after calling `init_weights` of ImageClassifier  

backbone.layer4.0.conv.2.bn.bias - torch.Size([64]): 
The value is the same before and after calling `init_weights` of ImageClassifier  

backbone.layer4.1.conv.0.conv.weight - torch.Size([384, 64, 1, 1]): 
KaimingInit: a=0, mode=fan_out, nonlinearity=relu, distribution =normal, bias=0 

backbone.layer4.1.conv.0.bn.weight - torch.Size([384]): 
The value is the same before and after calling `init_weights` of ImageClassifier  

backbone.layer4.1.conv.0.bn.bias - torch.Size([384]): 
The value is the same before and after calling `init_weights` of ImageClassifier  

backbone.layer4.1.conv.1.conv.weight - torch.Size([384, 1, 3, 3]): 
KaimingInit: a=0, mode=fan_out, nonlinearity=relu, distribution =normal, bias=0 

backbone.layer4.1.conv.1.bn.weight - torch.Size([384]): 
The value is the same before and after calling `init_weights` of ImageClassifier  

backbone.layer4.1.conv.1.bn.bias - torch.Size([384]): 
The value is the same before and after calling `init_weights` of ImageClassifier  

backbone.layer4.1.conv.2.conv.weight - torch.Size([64, 384, 1, 1]): 
KaimingInit: a=0, mode=fan_out, nonlinearity=relu, distribution =normal, bias=0 

backbone.layer4.1.conv.2.bn.weight - torch.Size([64]): 
The value is the same before and after calling `init_weights` of ImageClassifier  

backbone.layer4.1.conv.2.bn.bias - torch.Size([64]): 
The value is the same before and after calling `init_weights` of ImageClassifier  

backbone.layer4.2.conv.0.conv.weight - torch.Size([384, 64, 1, 1]): 
KaimingInit: a=0, mode=fan_out, nonlinearity=relu, distribution =normal, bias=0 

backbone.layer4.2.conv.0.bn.weight - torch.Size([384]): 
The value is the same before and after calling `init_weights` of ImageClassifier  

backbone.layer4.2.conv.0.bn.bias - torch.Size([384]): 
The value is the same before and after calling `init_weights` of ImageClassifier  

backbone.layer4.2.conv.1.conv.weight - torch.Size([384, 1, 3, 3]): 
KaimingInit: a=0, mode=fan_out, nonlinearity=relu, distribution =normal, bias=0 

backbone.layer4.2.conv.1.bn.weight - torch.Size([384]): 
The value is the same before and after calling `init_weights` of ImageClassifier  

backbone.layer4.2.conv.1.bn.bias - torch.Size([384]): 
The value is the same before and after calling `init_weights` of ImageClassifier  

backbone.layer4.2.conv.2.conv.weight - torch.Size([64, 384, 1, 1]): 
KaimingInit: a=0, mode=fan_out, nonlinearity=relu, distribution =normal, bias=0 

backbone.layer4.2.conv.2.bn.weight - torch.Size([64]): 
The value is the same before and after calling `init_weights` of ImageClassifier  

backbone.layer4.2.conv.2.bn.bias - torch.Size([64]): 
The value is the same before and after calling `init_weights` of ImageClassifier  

backbone.layer4.3.conv.0.conv.weight - torch.Size([384, 64, 1, 1]): 
KaimingInit: a=0, mode=fan_out, nonlinearity=relu, distribution =normal, bias=0 

backbone.layer4.3.conv.0.bn.weight - torch.Size([384]): 
The value is the same before and after calling `init_weights` of ImageClassifier  

backbone.layer4.3.conv.0.bn.bias - torch.Size([384]): 
The value is the same before and after calling `init_weights` of ImageClassifier  

backbone.layer4.3.conv.1.conv.weight - torch.Size([384, 1, 3, 3]): 
KaimingInit: a=0, mode=fan_out, nonlinearity=relu, distribution =normal, bias=0 

backbone.layer4.3.conv.1.bn.weight - torch.Size([384]): 
The value is the same before and after calling `init_weights` of ImageClassifier  

backbone.layer4.3.conv.1.bn.bias - torch.Size([384]): 
The value is the same before and after calling `init_weights` of ImageClassifier  

backbone.layer4.3.conv.2.conv.weight - torch.Size([64, 384, 1, 1]): 
KaimingInit: a=0, mode=fan_out, nonlinearity=relu, distribution =normal, bias=0 

backbone.layer4.3.conv.2.bn.weight - torch.Size([64]): 
The value is the same before and after calling `init_weights` of ImageClassifier  

backbone.layer4.3.conv.2.bn.bias - torch.Size([64]): 
The value is the same before and after calling `init_weights` of ImageClassifier  

backbone.layer5.0.conv.0.conv.weight - torch.Size([384, 64, 1, 1]): 
KaimingInit: a=0, mode=fan_out, nonlinearity=relu, distribution =normal, bias=0 

backbone.layer5.0.conv.0.bn.weight - torch.Size([384]): 
The value is the same before and after calling `init_weights` of ImageClassifier  

backbone.layer5.0.conv.0.bn.bias - torch.Size([384]): 
The value is the same before and after calling `init_weights` of ImageClassifier  

backbone.layer5.0.conv.1.conv.weight - torch.Size([384, 1, 3, 3]): 
KaimingInit: a=0, mode=fan_out, nonlinearity=relu, distribution =normal, bias=0 

backbone.layer5.0.conv.1.bn.weight - torch.Size([384]): 
The value is the same before and after calling `init_weights` of ImageClassifier  

backbone.layer5.0.conv.1.bn.bias - torch.Size([384]): 
The value is the same before and after calling `init_weights` of ImageClassifier  

backbone.layer5.0.conv.2.conv.weight - torch.Size([96, 384, 1, 1]): 
KaimingInit: a=0, mode=fan_out, nonlinearity=relu, distribution =normal, bias=0 

backbone.layer5.0.conv.2.bn.weight - torch.Size([96]): 
The value is the same before and after calling `init_weights` of ImageClassifier  

backbone.layer5.0.conv.2.bn.bias - torch.Size([96]): 
The value is the same before and after calling `init_weights` of ImageClassifier  

backbone.layer5.1.conv.0.conv.weight - torch.Size([576, 96, 1, 1]): 
KaimingInit: a=0, mode=fan_out, nonlinearity=relu, distribution =normal, bias=0 

backbone.layer5.1.conv.0.bn.weight - torch.Size([576]): 
The value is the same before and after calling `init_weights` of ImageClassifier  

backbone.layer5.1.conv.0.bn.bias - torch.Size([576]): 
The value is the same before and after calling `init_weights` of ImageClassifier  

backbone.layer5.1.conv.1.conv.weight - torch.Size([576, 1, 3, 3]): 
KaimingInit: a=0, mode=fan_out, nonlinearity=relu, distribution =normal, bias=0 

backbone.layer5.1.conv.1.bn.weight - torch.Size([576]): 
The value is the same before and after calling `init_weights` of ImageClassifier  

backbone.layer5.1.conv.1.bn.bias - torch.Size([576]): 
The value is the same before and after calling `init_weights` of ImageClassifier  

backbone.layer5.1.conv.2.conv.weight - torch.Size([96, 576, 1, 1]): 
KaimingInit: a=0, mode=fan_out, nonlinearity=relu, distribution =normal, bias=0 

backbone.layer5.1.conv.2.bn.weight - torch.Size([96]): 
The value is the same before and after calling `init_weights` of ImageClassifier  

backbone.layer5.1.conv.2.bn.bias - torch.Size([96]): 
The value is the same before and after calling `init_weights` of ImageClassifier  

backbone.layer5.2.conv.0.conv.weight - torch.Size([576, 96, 1, 1]): 
KaimingInit: a=0, mode=fan_out, nonlinearity=relu, distribution =normal, bias=0 

backbone.layer5.2.conv.0.bn.weight - torch.Size([576]): 
The value is the same before and after calling `init_weights` of ImageClassifier  

backbone.layer5.2.conv.0.bn.bias - torch.Size([576]): 
The value is the same before and after calling `init_weights` of ImageClassifier  

backbone.layer5.2.conv.1.conv.weight - torch.Size([576, 1, 3, 3]): 
KaimingInit: a=0, mode=fan_out, nonlinearity=relu, distribution =normal, bias=0 

backbone.layer5.2.conv.1.bn.weight - torch.Size([576]): 
The value is the same before and after calling `init_weights` of ImageClassifier  

backbone.layer5.2.conv.1.bn.bias - torch.Size([576]): 
The value is the same before and after calling `init_weights` of ImageClassifier  

backbone.layer5.2.conv.2.conv.weight - torch.Size([96, 576, 1, 1]): 
KaimingInit: a=0, mode=fan_out, nonlinearity=relu, distribution =normal, bias=0 

backbone.layer5.2.conv.2.bn.weight - torch.Size([96]): 
The value is the same before and after calling `init_weights` of ImageClassifier  

backbone.layer5.2.conv.2.bn.bias - torch.Size([96]): 
The value is the same before and after calling `init_weights` of ImageClassifier  

backbone.layer6.0.conv.0.conv.weight - torch.Size([576, 96, 1, 1]): 
KaimingInit: a=0, mode=fan_out, nonlinearity=relu, distribution =normal, bias=0 

backbone.layer6.0.conv.0.bn.weight - torch.Size([576]): 
The value is the same before and after calling `init_weights` of ImageClassifier  

backbone.layer6.0.conv.0.bn.bias - torch.Size([576]): 
The value is the same before and after calling `init_weights` of ImageClassifier  

backbone.layer6.0.conv.1.conv.weight - torch.Size([576, 1, 3, 3]): 
KaimingInit: a=0, mode=fan_out, nonlinearity=relu, distribution =normal, bias=0 

backbone.layer6.0.conv.1.bn.weight - torch.Size([576]): 
The value is the same before and after calling `init_weights` of ImageClassifier  

backbone.layer6.0.conv.1.bn.bias - torch.Size([576]): 
The value is the same before and after calling `init_weights` of ImageClassifier  

backbone.layer6.0.conv.2.conv.weight - torch.Size([160, 576, 1, 1]): 
KaimingInit: a=0, mode=fan_out, nonlinearity=relu, distribution =normal, bias=0 

backbone.layer6.0.conv.2.bn.weight - torch.Size([160]): 
The value is the same before and after calling `init_weights` of ImageClassifier  

backbone.layer6.0.conv.2.bn.bias - torch.Size([160]): 
The value is the same before and after calling `init_weights` of ImageClassifier  

backbone.layer6.1.conv.0.conv.weight - torch.Size([960, 160, 1, 1]): 
KaimingInit: a=0, mode=fan_out, nonlinearity=relu, distribution =normal, bias=0 

backbone.layer6.1.conv.0.bn.weight - torch.Size([960]): 
The value is the same before and after calling `init_weights` of ImageClassifier  

backbone.layer6.1.conv.0.bn.bias - torch.Size([960]): 
The value is the same before and after calling `init_weights` of ImageClassifier  

backbone.layer6.1.conv.1.conv.weight - torch.Size([960, 1, 3, 3]): 
KaimingInit: a=0, mode=fan_out, nonlinearity=relu, distribution =normal, bias=0 

backbone.layer6.1.conv.1.bn.weight - torch.Size([960]): 
The value is the same before and after calling `init_weights` of ImageClassifier  

backbone.layer6.1.conv.1.bn.bias - torch.Size([960]): 
The value is the same before and after calling `init_weights` of ImageClassifier  

backbone.layer6.1.conv.2.conv.weight - torch.Size([160, 960, 1, 1]): 
KaimingInit: a=0, mode=fan_out, nonlinearity=relu, distribution =normal, bias=0 

backbone.layer6.1.conv.2.bn.weight - torch.Size([160]): 
The value is the same before and after calling `init_weights` of ImageClassifier  

backbone.layer6.1.conv.2.bn.bias - torch.Size([160]): 
The value is the same before and after calling `init_weights` of ImageClassifier  

backbone.layer6.2.conv.0.conv.weight - torch.Size([960, 160, 1, 1]): 
KaimingInit: a=0, mode=fan_out, nonlinearity=relu, distribution =normal, bias=0 

backbone.layer6.2.conv.0.bn.weight - torch.Size([960]): 
The value is the same before and after calling `init_weights` of ImageClassifier  

backbone.layer6.2.conv.0.bn.bias - torch.Size([960]): 
The value is the same before and after calling `init_weights` of ImageClassifier  

backbone.layer6.2.conv.1.conv.weight - torch.Size([960, 1, 3, 3]): 
KaimingInit: a=0, mode=fan_out, nonlinearity=relu, distribution =normal, bias=0 

backbone.layer6.2.conv.1.bn.weight - torch.Size([960]): 
The value is the same before and after calling `init_weights` of ImageClassifier  

backbone.layer6.2.conv.1.bn.bias - torch.Size([960]): 
The value is the same before and after calling `init_weights` of ImageClassifier  

backbone.layer6.2.conv.2.conv.weight - torch.Size([160, 960, 1, 1]): 
KaimingInit: a=0, mode=fan_out, nonlinearity=relu, distribution =normal, bias=0 

backbone.layer6.2.conv.2.bn.weight - torch.Size([160]): 
The value is the same before and after calling `init_weights` of ImageClassifier  

backbone.layer6.2.conv.2.bn.bias - torch.Size([160]): 
The value is the same before and after calling `init_weights` of ImageClassifier  

backbone.layer7.0.conv.0.conv.weight - torch.Size([960, 160, 1, 1]): 
KaimingInit: a=0, mode=fan_out, nonlinearity=relu, distribution =normal, bias=0 

backbone.layer7.0.conv.0.bn.weight - torch.Size([960]): 
The value is the same before and after calling `init_weights` of ImageClassifier  

backbone.layer7.0.conv.0.bn.bias - torch.Size([960]): 
The value is the same before and after calling `init_weights` of ImageClassifier  

backbone.layer7.0.conv.1.conv.weight - torch.Size([960, 1, 3, 3]): 
KaimingInit: a=0, mode=fan_out, nonlinearity=relu, distribution =normal, bias=0 

backbone.layer7.0.conv.1.bn.weight - torch.Size([960]): 
The value is the same before and after calling `init_weights` of ImageClassifier  

backbone.layer7.0.conv.1.bn.bias - torch.Size([960]): 
The value is the same before and after calling `init_weights` of ImageClassifier  

backbone.layer7.0.conv.2.conv.weight - torch.Size([320, 960, 1, 1]): 
KaimingInit: a=0, mode=fan_out, nonlinearity=relu, distribution =normal, bias=0 

backbone.layer7.0.conv.2.bn.weight - torch.Size([320]): 
The value is the same before and after calling `init_weights` of ImageClassifier  

backbone.layer7.0.conv.2.bn.bias - torch.Size([320]): 
The value is the same before and after calling `init_weights` of ImageClassifier  

backbone.conv2.conv.weight - torch.Size([1280, 320, 1, 1]): 
Initialized by user-defined `init_weights` in ConvModule  

backbone.conv2.bn.weight - torch.Size([1280]): 
The value is the same before and after calling `init_weights` of ImageClassifier  

backbone.conv2.bn.bias - torch.Size([1280]): 
The value is the same before and after calling `init_weights` of ImageClassifier  

head.task_heads.intel1.fc.weight - torch.Size([3, 1280]): 
NormalInit: mean=0, std=0.01, bias=0 

head.task_heads.intel1.fc.bias - torch.Size([3]): 
NormalInit: mean=0, std=0.01, bias=0 

head.task_heads.intel2.fc.weight - torch.Size([3, 1280]): 
NormalInit: mean=0, std=0.01, bias=0 

head.task_heads.intel2.fc.bias - torch.Size([3]): 
NormalInit: mean=0, std=0.01, bias=0 
2023/08/19 17:01:00 - mmengine - WARNING - "FileClient" will be deprecated in future. Please use io functions in https://mmengine.readthedocs.io/en/latest/api/fileio.html#file-io
2023/08/19 17:01:00 - mmengine - WARNING - "HardDiskBackend" is the alias of "LocalBackend" and the former will be deprecated in future.
2023/08/19 17:01:00 - mmengine - INFO - Checkpoints will be saved to C:\Users\FR00CSS0000000040678\Desktop\project\openmmlab\tmp\multi_tasks.
